<?xml version="1.0" encoding="UTF-8"?>
<testsuite xmlns:xsi="http://www.w3.org/2001/XMLSchema-instance" xsi:noNamespaceSchemaLocation="https://maven.apache.org/surefire/maven-surefire-plugin/xsd/surefire-test-report.xsd" version="3.0.2" name="org.apache.commons.exec.LogOutputStreamTest" time="0.063" tests="2" errors="0" skipped="1" failures="0">
  <properties>
[...]
</properties>
  <testcase name="testStdoutWithUTF8Characters" classname="org.apache.commons.exec.LogOutputStreamTest" time="0.0">
    <skipped message="The file utf8CharacterScript is missing from the repository and is not in its history"/>
  </testcase>
  <testcase name="testStdout" classname="org.apache.commons.exec.LogOutputStreamTest" time="0.047">
    <system-out><![CDATA[ALLUSERSPROFILE=C:\ProgramData
APPDATA=C:\Users\Usuario\AppData\Roaming
AUTINSTLOG=C:\ProgramData\Siemens\Automation\Logfiles\Setup\
CHOCOLATEYINSTALL=C:\ProgramData\chocolatey
CHOCOLATEYLASTPATHUPDATE=133534584566294453
CLASSWORLDS_JAR="C:\Users\Usuario\Downloads\apache-maven-3.9.9-bin\apache-maven-3.9.9\boot\plexus-classworlds-2.8.0.jar"
CLASSWORLDS_LAUNCHER=org.codehaus.plexus.classworlds.launcher.Launcher
COMMONPROGRAMFILES=C:\Program Files\Common Files
COMMONPROGRAMFILES(X86)=C:\Program Files (x86)\Common Files
COMMONPROGRAMW6432=C:\Program Files\Common Files
COMPUTERNAME=DESKTOP-KU8RQFA
COMSPEC=C:\WINDOWS\system32\cmd.exe
DRIVERDATA=C:\Windows\System32\Drivers\DriverData
ERLANG_HOME=C:\Program Files\Erlang OTP
ERROR_CODE=0
EXEC_DIR=C:\Users\Usuario\git\commons-exec
HOMEDRIVE=C:
HOMEPATH=\Users\Usuario
JAVACMD=C:\Program Files\Common Files\Oracle\Java\javapath\java.exe
JVMCONFIG=\.mvn\jvm.config
KEYSHOT11=C:\Users\Public\Documents\KeyShot 11
KEYSHOT6=C:\Users\Public\Documents\KeyShot 6
KEYSHOT_EXTERNAL_LICENSE_FOLDER=C:\Program Files\Siemens\Solid Edge 2023\Program
LOCALAPPDATA=C:\Users\Usuario\AppData\Local
LOGONSERVER=\\DESKTOP-KU8RQFA
MAVEN_CMD_LINE_ARGS=clean test jacoco:report
MAVEN_HOME=C:\Users\Usuario\Downloads\apache-maven-3.9.9-bin\apache-maven-3.9.9
MAVEN_PROJECTBASEDIR=C:\Users\Usuario\git\commons-exec
NUMBER_OF_PROCESSORS=12
ONEDRIVE=C:\Users\Usuario\OneDrive - Universidad de Oviedo
OS=Windows_NT
PATH=C:\Program Files\Common Files\Siemens\Automation\Simatic OAM\bin;C:\Program Files (x86)\Common Files\Siemens\Bin;C:\Program Files (x86)\Common Files\Siemens\CommonArchiving;C:\Program Files (x86)\Common Files\Siemens\ACE\Bin;C:\Program Files (x86)\Siemens\Automation\SCADA-RT_V11\WinCC\Bin;C:\Program Files\Common Files\Oracle\Java\javapath;C:\Program Files (x86)\Common Files\Oracle\Java\javapath;C:\WINDOWS\system32;C:\WINDOWS;C:\WINDOWS\System32\Wbem;C:\WINDOWS\System32\WindowsPowerShell\v1.0\;C:\WINDOWS\System32\OpenSSH\;C:\Program Files\PuTTY\;C:\Program Files\dotnet\;C:\Program Files\NVIDIA Corporation\NVIDIA NvDLISR;C:\Program Files (x86)\NVIDIA Corporation\PhysX\Common;C:\Program Files (x86)\Windows Kits\10\Windows Performance Toolkit\;C:\Program Files (x86)\Siemens\Automation\SCADA-RT_V11\WinCC\Interfaces;C:\Program Files (x86)\Common Files\Siemens\;C:\Program Files (x86)\Common Files\Siemens\Interfaces;C:\Program Files (x86)\Common Files\Siemens\ACE\Interfaces;C:\Program Files\Microsoft SQL Server\Client SDK\ODBC\130\Tools\Binn\;C:\Program Files (x86)\Microsoft SQL Server\130\Tools\Binn\;C:\Program Files\Microsoft SQL Server\130\Tools\Binn\;C:\Program Files\Microsoft SQL Server\130\DTS\Binn\;C:\Program Files\PowerShell\7\;C:\ProgramData\chocolatey\bin;C:\Program Files\Git\cmd;C:\Program Files\Docker\Docker\resources\bin;C:\Program Files\Kubernetes\Minikube;;C:\minikube;C:\Users\Usuario\AppData\Local\Programs\Python\Python311\Scripts\;C:\Users\Usuario\AppData\Local\Programs\Python\Python311\;C:\Users\Usuario\AppData\Local\Microsoft\WindowsApps;C:\Users\Usuario\AppData\Local\Programs\Microsoft VS Code\bin;C:\MinGW\bin;C:\Users\Usuario\AppData\Local\Programs\Python\Python311;C:\Users\Usuario\AppData\Local\Programs\Python\Python311\Scripts;C:\Users\Usuario\.dotnet\tools;C:\Users\Usuario\Downloads\apache-maven-3.9.9-bin\apache-maven-3.9.9\bin;
PATHEXT=.COM;.EXE;.BAT;.CMD;.VBS;.VBE;.JS;.JSE;.WSF;.WSH;.MSC;.CPL
POWERSHELL_DISTRIBUTION_CHANNEL=MSI:Windows 10 Home
PROCESSOR_ARCHITECTURE=AMD64
PROCESSOR_IDENTIFIER=Intel64 Family 6 Model 165 Stepping 2, GenuineIntel
PROCESSOR_LEVEL=6
PROCESSOR_REVISION=a502
PROGRAMDATA=C:\ProgramData
PROGRAMFILES=C:\Program Files
PROGRAMFILES(X86)=C:\Program Files (x86)
PROGRAMW6432=C:\Program Files
PROMPT=$P$G
PSMODULEPATH=C:\Users\Usuario\Documents\WindowsPowerShell\Modules;C:\Program Files\WindowsPowerShell\Modules;C:\WINDOWS\system32\WindowsPowerShell\v1.0\Modules;C:\Program Files (x86)\Microsoft SQL Server\130\Tools\PowerShell\Modules\
PT8HOME=C:\Program Files\Cisco Packet Tracer 8.2.2
PUBLIC=C:\Users\Public
PVIEW_KEYSHOT6_HOME=C:\Program Files\KeyShot6\bin\
P_SCHEMA=C:\Program Files\Siemens\Solid Edge 2023\Schema
SESSIONNAME=Console
SE_LICENSE_SERVER=C:\Program Files\Siemens\Solid Edge 2023\Preferences\SELicense.lic
SIMATIC_OAM=C:\Program Files\Common Files\Siemens\Automation\Simatic OAM
SIMATIC_OAM_DATA=C:\ProgramData\Siemens\Automation\Simatic OAM
SYSTEMDRIVE=C:
SYSTEMROOT=C:\WINDOWS
TEMP=C:\Users\Usuario\AppData\Local\Temp
TMP=C:\Users\Usuario\AppData\Local\Temp
USERDOMAIN=DESKTOP-KU8RQFA
USERDOMAIN_ROAMINGPROFILE=DESKTOP-KU8RQFA
USERNAME=Usuario
USERPROFILE=C:\Users\Usuario
VBOX_MSI_INSTALL_PATH=C:\Program Files\Oracle\VirtualBox\
WDIR=C:\
WINDIR=C:\WINDOWS
WSLENV=WT_SESSION:WT_PROFILE_ID:
WT_PROFILE_ID={61c54bbd-c2c6-5271-96e7-009a87ff44bf}
WT_SESSION=27e96791-13eb-465e-9e0b-aa82c7aa7bad
ZES_ENABLE_SYSMAN=1
__PSLOCKDOWNPOLICY=0
]]></system-out>
  </testcase>
</testsuite>