<?xml version="1.0" encoding="UTF-8"?>
<testsuite xmlns:xsi="http://www.w3.org/2001/XMLSchema-instance" xsi:noNamespaceSchemaLocation="https://maven.apache.org/surefire/maven-surefire-plugin/xsd/surefire-test-report.xsd" version="3.0.2" name="org.apache.commons.exec.CommandLineTest" time="0.22" tests="34" errors="0" skipped="0" failures="0">
  <properties>
[...]
</properties>
  <testcase name="testParseCommandLineWithQuotes" classname="org.apache.commons.exec.CommandLineTest" time="0.078"/>
  <testcase name="testAddArgumentWithQuotesAround" classname="org.apache.commons.exec.CommandLineTest" time="0.0"/>
  <testcase name="testParseCommandLineWithNull" classname="org.apache.commons.exec.CommandLineTest" time="0.0"/>
  <testcase name="testCopyConstructor" classname="org.apache.commons.exec.CommandLineTest" time="0.016"/>
  <testcase name="testParseComplexCommandLine1" classname="org.apache.commons.exec.CommandLineTest" time="0.0"/>
  <testcase name="testParseComplexCommandLine2" classname="org.apache.commons.exec.CommandLineTest" time="0.0"/>
  <testcase name="testComplexAddArgument" classname="org.apache.commons.exec.CommandLineTest" time="0.0"/>
  <testcase name="testAddArguments" classname="org.apache.commons.exec.CommandLineTest" time="0.0"/>
  <testcase name="testToString" classname="org.apache.commons.exec.CommandLineTest" time="0.0"/>
  <testcase name="testAddArgumentWithQuote" classname="org.apache.commons.exec.CommandLineTest" time="0.0"/>
  <testcase name="testAddArgumentWithSpace" classname="org.apache.commons.exec.CommandLineTest" time="0.0"/>
  <testcase name="testAddArgumentsArray" classname="org.apache.commons.exec.CommandLineTest" time="0.0"/>
  <testcase name="testAddArgumentsWithQuotes" classname="org.apache.commons.exec.CommandLineTest" time="0.0"/>
  <testcase name="testParseRealLifeCommandLine_1" classname="org.apache.commons.exec.CommandLineTest" time="0.0"/>
  <testcase name="testAddArgumentsWithQuotesAndSpaces" classname="org.apache.commons.exec.CommandLineTest" time="0.0"/>
  <testcase name="testExecutable" classname="org.apache.commons.exec.CommandLineTest" time="0.0"/>
  <testcase name="testParseCommandLineWithUnevenQuotes" classname="org.apache.commons.exec.CommandLineTest" time="0.015"/>
  <testcase name="testAddNullArgument" classname="org.apache.commons.exec.CommandLineTest" time="0.0"/>
  <testcase name="testAddTwoArguments" classname="org.apache.commons.exec.CommandLineTest" time="0.0"/>
  <testcase name="testToStringTroubleshooting" classname="org.apache.commons.exec.CommandLineTest" time="0.0">
    <system-out><![CDATA[testToStringTroubleshooting
cmd1: [sh, -c, echo 1]
cmd2: [sh, -c, echo, 1]
]]></system-out>
  </testcase>
  <testcase name="testAddArgumentsArrayNull" classname="org.apache.commons.exec.CommandLineTest" time="0.0"/>
  <testcase name="testAddArgument" classname="org.apache.commons.exec.CommandLineTest" time="0.0"/>
  <testcase name="testExecutableWhitespaceString" classname="org.apache.commons.exec.CommandLineTest" time="0.0"/>
  <testcase name="testParseCommandLineWithOnlyWhitespace" classname="org.apache.commons.exec.CommandLineTest" time="0.016"/>
  <testcase name="testParseCommandLine" classname="org.apache.commons.exec.CommandLineTest" time="0.0"/>
  <testcase name="testExecutableZeroLengthString" classname="org.apache.commons.exec.CommandLineTest" time="0.0"/>
  <testcase name="testAddArgumentWithSingleQuote" classname="org.apache.commons.exec.CommandLineTest" time="0.0"/>
  <testcase name="testComplexAddArguments1" classname="org.apache.commons.exec.CommandLineTest" time="0.0"/>
  <testcase name="testComplexAddArguments2" classname="org.apache.commons.exec.CommandLineTest" time="0.015"/>
  <testcase name="testAddArgumentWithBothQuotes" classname="org.apache.commons.exec.CommandLineTest" time="0.0"/>
  <testcase name="testCommandLineParsingWithExpansion1" classname="org.apache.commons.exec.CommandLineTest" time="0.007"/>
  <testcase name="testCommandLineParsingWithExpansion2" classname="org.apache.commons.exec.CommandLineTest" time="0.0"/>
  <testcase name="testCommandLineParsingWithExpansion3" classname="org.apache.commons.exec.CommandLineTest" time="0.0"/>
  <testcase name="testNullExecutable" classname="org.apache.commons.exec.CommandLineTest" time="0.009"/>
</testsuite>